<?xml version="1.0" encoding="UTF-8"?>
<testng-results skipped="0" failed="0" ignored="0" total="0" passed="0">
  <reporter-output>
    <line>
      <![CDATA[Finding element: By.xpath: //span[text() = 'Корзина'], current URL: 'https://4frag.ru/']]>
    </line>
  </reporter-output>
  <suite name="Calculator operations suite (0)" duration-ms="0" started-at="2020-05-20T11:26:21Z" finished-at="2020-05-20T11:26:21Z">
    <groups>
    </groups>
  </suite> <!-- Calculator operations suite (0) -->
  <suite name="Calculator operations suite" duration-ms="0" started-at="2020-05-20T11:26:21Z" finished-at="2020-05-20T11:26:21Z">
    <groups>
    </groups>
  </suite> <!-- Calculator operations suite -->
</testng-results>
