<?xml version="1.0" encoding="UTF-8"?>
<!-- Generated by org.testng.reporters.JUnitXMLReporter -->
<testsuite hostname="EPBYMINW3264" ignored="0" name="RegressionTests" tests="9" failures="0" timestamp="20 May 2020 11:26:21 GMT" time="59.427" errors="0">
  <testcase name="testBasketPageIsDisplayed" time="24.199" classname="tests.VerifyHeaderButtonsAreClickable"/>
  <testcase name="testBookmarksPageIsDisplayed" time="2.435" classname="tests.VerifyHeaderButtonsAreClickable"/>
  <testcase name="testComparasionListPageIsDisplayed" time="3.099" classname="tests.VerifyHeaderButtonsAreClickable"/>
  <testcase name="testDeliveryPageIsDisplayed" time="2.924" classname="tests.VerifyHeaderButtonsAreClickable"/>
  <testcase name="testDiscountSystemPageIsDisplayed" time="3.695" classname="tests.VerifyHeaderButtonsAreClickable"/>
  <testcase name="testLoginWindowIsDisplayed" time="2.566" classname="tests.VerifyHeaderButtonsAreClickable"/>
  <testcase name="testPaymentPageIsDisplayed" time="2.658" classname="tests.VerifyHeaderButtonsAreClickable"/>
  <testcase name="testWarrantyPageIsDisplayed" time="2.786" classname="tests.VerifyHeaderButtonsAreClickable"/>
  <testcase name="testWishListPageIsDisplayed" time="2.307" classname="tests.VerifyHeaderButtonsAreClickable"/>
</testsuite> <!-- RegressionTests -->
